Loading rhel8/default-icl
  Loading requirement: dot rhel8/slurm singularity/current rhel8/global
    cuda/11.4 vgl/3.1/64 intel-oneapi-compilers/2022.1.0/gcc/b6zld2mz
    intel-oneapi-mpi/2021.6.0/intel/guxuvcpm
Failed to query server: Transport endpoint is not connected
── Attaching core tidyverse packages ──────────────────────── tidyverse 2.0.0 ──
✔ dplyr     1.1.3     ✔ readr     2.1.4
✔ forcats   1.0.0     ✔ stringr   1.5.0
✔ ggplot2   3.4.4     ✔ tibble    3.2.1
✔ lubridate 1.9.3     ✔ tidyr     1.3.0
✔ purrr     1.0.2     
── Conflicts ────────────────────────────────────────── tidyverse_conflicts() ──
✖ dplyr::filter() masks stats::filter()
✖ dplyr::lag()    masks stats::lag()
ℹ Use the conflicted package (<http://conflicted.r-lib.org/>) to force all conflicts to become errors
Warning message:
In system("timedatectl", intern = TRUE) :
  running command 'timedatectl' had status 1

Attaching package: ‘MASS’

The following object is masked from ‘package:dplyr’:

    select

Loading required package: foreach

Attaching package: ‘foreach’

The following objects are masked from ‘package:purrr’:

    accumulate, when

Loading required package: iterators
Loading required package: parallel
Loading required package: rngtools
There were 50 or more warnings (use warnings() to see the first 50)
