Loading rhel8/default-icl
  Loading requirement: dot rhel8/slurm singularity/current rhel8/global
    cuda/11.4 vgl/3.1/64 intel-oneapi-compilers/2022.1.0/gcc/b6zld2mz
    intel-oneapi-mpi/2021.6.0/intel/guxuvcpm
── Attaching packages ─────────────────────────────────────── tidyverse 1.3.1 ──
✔ ggplot2 3.4.0      ✔ purrr   0.3.5 
✔ tibble  3.1.8      ✔ dplyr   1.0.10
✔ tidyr   1.2.1      ✔ stringr 1.5.0 
✔ readr   2.1.2      ✔ forcats 0.5.1 
── Conflicts ────────────────────────────────────────── tidyverse_conflicts() ──
✖ dplyr::filter() masks stats::filter()
✖ dplyr::lag()    masks stats::lag()

Attaching package: ‘MASS’

The following object is masked from ‘package:dplyr’:

    select

Loading required package: ggpubr

Attaching package: ‘survminer’

The following object is masked from ‘package:survival’:

    myeloma


Attaching package: ‘lubridate’

The following objects are masked from ‘package:base’:

    date, intersect, setdiff, union


Attaching package: ‘pammtools’

The following object is masked from ‘package:MASS’:

    select

The following object is masked from ‘package:modelr’:

    seq_range

The following object is masked from ‘package:stats’:

    filter

Error in data_manipulation(data, use_censor = use_censor) : 
  Assertion on 'use_censor' failed: Must be of type 'single integerish value', not 'logical'.
Calls: <Anonymous> ... data_manipulation -> assert_int -> makeAssertion -> mstop
Timing stopped at: 0.001 0 0.001
Execution halted
